<?xml version="1.0" encoding="UTF-8"?>
<!-- Generated by org.testng.reporters.JUnitReportReporter -->
<testsuite hostname="LAPTOP-8UUCJB38" failures="0" tests="1" name="frameworkMD.tests.ErrorValidations" time="5.788" errors="0" timestamp="2024-03-20T11:39:27 EET" skipped="0">
  <testcase classname="frameworkMD.tests.ErrorValidations" name="submitOrder" time="5.788"/>
  <system-out/>
</testsuite> <!-- frameworkMD.tests.ErrorValidations -->
