<?xml version="1.0" encoding="UTF-8"?>
<!-- Generated by org.testng.reporters.JUnitReportReporter -->
<testsuite hostname="LAPTOP-8UUCJB38" failures="0" tests="2" name="cucumber.TestNGTestRunner" time="18.680" errors="0" timestamp="2024-03-25T13:33:07 EET" skipped="0">
  <testcase classname="cucumber.TestNGTestRunner" name="runScenario" time="4.655"/>
  <system-out/>
  <testcase classname="cucumber.TestNGTestRunner" name="runScenario" time="14.025"/>
  <system-out/>
</testsuite> <!-- cucumber.TestNGTestRunner -->
