<?xml version="1.0" encoding="UTF-8"?>
<!-- Generated by org.testng.reporters.JUnitReportReporter -->
<testsuite hostname="LAPTOP-8UUCJB38" failures="0" tests="3" name="frameworkMD.tests.SubmitOrderTest" time="41.425" errors="0" timestamp="2024-03-21T17:43:38 EET" skipped="0">
  <testcase classname="frameworkMD.tests.SubmitOrderTest" name="OrderHistoryTest" time="5.267"/>
  <system-out/>
  <testcase classname="frameworkMD.tests.SubmitOrderTest" name="submitOrder" time="17.432"/>
  <system-out/>
  <testcase classname="frameworkMD.tests.SubmitOrderTest" name="submitOrder" time="18.726"/>
  <system-out/>
</testsuite> <!-- frameworkMD.tests.SubmitOrderTest -->
